[2020-11-27 22:25:43.782] [jointLog] [info] setting maxHashResizeThreads to 8
[2020-11-27 22:25:43.782] [jointLog] [info] Fragment incompatibility prior below threshold.  Incompatible fragments will be ignored.
[2020-11-27 22:25:43.782] [jointLog] [info] Usage of --validateMappings implies use of minScoreFraction. Since not explicitly specified, it is being set to 0.65
[2020-11-27 22:25:43.782] [jointLog] [info] Usage of --validateMappings implies a default consensus slack of 0.2. Setting consensusSlack to 0.35.
[2020-11-27 22:25:43.782] [jointLog] [info] parsing read library format
[2020-11-27 22:25:43.782] [jointLog] [info] There is 1 library.
[2020-11-27 22:25:43.869] [jointLog] [info] Loading pufferfish index
[2020-11-27 22:25:43.869] [jointLog] [info] Loading dense pufferfish index.
[2020-11-27 22:25:44.678] [jointLog] [info] done
[2020-11-27 22:25:44.678] [jointLog] [info] Index contained 117,152 targets
[2020-11-27 22:25:45.139] [jointLog] [info] Number of decoys : 0
[2020-11-27 22:25:45.652] [jointLog] [info] Automatically detected most likely library type as ISR
[2020-11-27 22:32:52.914] [jointLog] [info] Thread saw mini-batch with a maximum of 1.22% zero probability fragments
[2020-11-27 22:32:52.915] [jointLog] [info] Thread saw mini-batch with a maximum of 1.24% zero probability fragments
[2020-11-27 22:32:52.932] [jointLog] [info] Thread saw mini-batch with a maximum of 1.30% zero probability fragments
[2020-11-27 22:32:52.978] [jointLog] [info] Thread saw mini-batch with a maximum of 1.34% zero probability fragments
[2020-11-27 22:32:53.020] [jointLog] [info] Thread saw mini-batch with a maximum of 1.18% zero probability fragments
[2020-11-27 22:32:53.041] [jointLog] [info] Thread saw mini-batch with a maximum of 1.26% zero probability fragments
[2020-11-27 22:32:53.117] [jointLog] [info] Thread saw mini-batch with a maximum of 1.22% zero probability fragments
[2020-11-27 22:32:53.133] [jointLog] [info] Thread saw mini-batch with a maximum of 1.32% zero probability fragments
[2020-11-27 22:32:53.610] [fileLog] [info] 
At end of round 0
==================
Observed 62391267 total fragments (62391267 in most recent round)

[2020-11-27 22:32:53.609] [jointLog] [info] Computed 457,598 rich equivalence classes for further processing
[2020-11-27 22:32:53.609] [jointLog] [info] Counted 45,998,145 total reads in the equivalence classes 
[2020-11-27 22:32:53.618] [jointLog] [info] Number of mappings discarded because of alignment score : 46,964,736
[2020-11-27 22:32:53.618] [jointLog] [info] Number of fragments entirely discarded because of alignment score : 4,023,412
[2020-11-27 22:32:53.618] [jointLog] [info] Number of fragments discarded because they are best-mapped to decoys : 0
[2020-11-27 22:32:53.618] [jointLog] [info] Number of fragments discarded because they have only dovetail (discordant) mappings to valid targets : 9,597,749
[2020-11-27 22:32:53.618] [jointLog] [info] Mapping rate = 73.7253%

[2020-11-27 22:32:53.618] [jointLog] [info] finished quantifyLibrary()
[2020-11-27 22:32:53.618] [jointLog] [info] Starting optimizer
[2020-11-27 22:33:03.445] [jointLog] [info] Marked 0 weighted equivalence classes as degenerate
[2020-11-27 22:33:03.463] [jointLog] [info] iteration = 0 | max rel diff. = 3111.11
[2020-11-27 22:33:03.652] [jointLog] [info] iteration 11, adjusting effective lengths to account for biases
[2020-11-27 22:33:05.068] [jointLog] [info] Computed expected counts (for bias correction)
[2020-11-27 22:33:05.068] [jointLog] [info] processed bias for 0.0% of the transcripts
[2020-11-27 22:33:05.645] [jointLog] [info] processed bias for 10.0% of the transcripts
[2020-11-27 22:33:06.267] [jointLog] [info] processed bias for 20.0% of the transcripts
[2020-11-27 22:33:06.899] [jointLog] [info] processed bias for 30.0% of the transcripts
[2020-11-27 22:33:07.421] [jointLog] [info] processed bias for 40.0% of the transcripts
[2020-11-27 22:33:07.745] [jointLog] [info] processed bias for 50.0% of the transcripts
[2020-11-27 22:33:08.160] [jointLog] [info] processed bias for 60.0% of the transcripts
[2020-11-27 22:33:08.782] [jointLog] [info] processed bias for 70.0% of the transcripts
[2020-11-27 22:33:09.410] [jointLog] [info] processed bias for 80.0% of the transcripts
[2020-11-27 22:33:10.038] [jointLog] [info] processed bias for 90.0% of the transcripts
[2020-11-27 22:33:10.660] [jointLog] [info] processed bias for 100.0% of the transcripts
[2020-11-27 22:33:10.661] [jointLog] [info] processed bias for 100.0% of the transcripts
[2020-11-27 22:33:12.352] [jointLog] [info] iteration = 100 | max rel diff. = 13.3416
[2020-11-27 22:33:14.271] [jointLog] [info] iteration = 200 | max rel diff. = 6.63341
[2020-11-27 22:33:16.221] [jointLog] [info] iteration = 300 | max rel diff. = 2.40535
[2020-11-27 22:33:18.132] [jointLog] [info] iteration = 400 | max rel diff. = 0.108886
[2020-11-27 22:33:20.036] [jointLog] [info] iteration = 500 | max rel diff. = 0.330886
[2020-11-27 22:33:21.971] [jointLog] [info] iteration = 600 | max rel diff. = 0.235945
[2020-11-27 22:33:23.971] [jointLog] [info] iteration = 700 | max rel diff. = 0.333665
[2020-11-27 22:33:25.876] [jointLog] [info] iteration = 800 | max rel diff. = 0.241708
[2020-11-27 22:33:27.813] [jointLog] [info] iteration = 900 | max rel diff. = 0.434001
[2020-11-27 22:33:29.753] [jointLog] [info] iteration = 1,000 | max rel diff. = 0.0170929
[2020-11-27 22:33:31.650] [jointLog] [info] iteration = 1,100 | max rel diff. = 0.0327683
[2020-11-27 22:33:33.522] [jointLog] [info] iteration = 1,200 | max rel diff. = 0.188834
[2020-11-27 22:33:34.618] [jointLog] [info] iteration = 1,260 | max rel diff. = 0.00779852
[2020-11-27 22:33:34.645] [jointLog] [info] Finished optimizer
[2020-11-27 22:33:34.645] [jointLog] [info] writing output 

[2020-11-27 22:33:34.875] [jointLog] [info] Starting Bootstrapping
[2020-11-27 22:33:35.016] [jointLog] [info] Will draw 30 bootstrap samples
[2020-11-27 22:33:35.016] [jointLog] [info] Optimizing over 457,598 equivalence classes
[2020-11-27 22:33:35.074] [jointLog] [info] Marked 0 weighted equivalence classes as degenerate
[2020-11-27 22:34:38.627] [jointLog] [info] wrote 1 bootstraps
[2020-11-27 22:34:50.313] [jointLog] [info] wrote 2 bootstraps
[2020-11-27 22:34:53.505] [jointLog] [info] wrote 3 bootstraps
[2020-11-27 22:34:58.563] [jointLog] [info] wrote 4 bootstraps
[2020-11-27 22:35:01.859] [jointLog] [info] wrote 5 bootstraps
[2020-11-27 22:35:03.902] [jointLog] [info] wrote 6 bootstraps
[2020-11-27 22:35:24.652] [jointLog] [info] wrote 7 bootstraps
[2020-11-27 22:35:57.057] [jointLog] [info] wrote 8 bootstraps
[2020-11-27 22:36:07.455] [jointLog] [info] wrote 9 bootstraps
[2020-11-27 22:36:20.132] [jointLog] [info] wrote 10 bootstraps
[2020-11-27 22:36:20.374] [jointLog] [info] wrote 11 bootstraps
[2020-11-27 22:36:22.654] [jointLog] [info] wrote 12 bootstraps
[2020-11-27 22:36:30.596] [jointLog] [info] wrote 13 bootstraps
[2020-11-27 22:36:32.359] [jointLog] [info] wrote 14 bootstraps
[2020-11-27 22:37:13.563] [jointLog] [info] wrote 15 bootstraps
[2020-11-27 22:37:23.508] [jointLog] [info] wrote 16 bootstraps
[2020-11-27 22:37:35.793] [jointLog] [info] wrote 17 bootstraps
[2020-11-27 22:37:46.505] [jointLog] [info] wrote 18 bootstraps
[2020-11-27 22:37:46.761] [jointLog] [info] wrote 19 bootstraps
[2020-11-27 22:37:53.187] [jointLog] [info] wrote 20 bootstraps
[2020-11-27 22:37:57.074] [jointLog] [info] wrote 21 bootstraps
[2020-11-27 22:38:16.356] [jointLog] [info] wrote 22 bootstraps
[2020-11-27 22:38:51.003] [jointLog] [info] wrote 23 bootstraps
[2020-11-27 22:38:56.491] [jointLog] [info] wrote 24 bootstraps
[2020-11-27 22:38:58.372] [jointLog] [info] wrote 25 bootstraps
[2020-11-27 22:39:03.878] [jointLog] [info] wrote 26 bootstraps
[2020-11-27 22:39:08.415] [jointLog] [info] wrote 27 bootstraps
[2020-11-27 22:39:19.724] [jointLog] [info] wrote 28 bootstraps
[2020-11-27 22:39:20.139] [jointLog] [info] wrote 29 bootstraps
[2020-11-27 22:40:09.826] [jointLog] [info] wrote 30 bootstraps
[2020-11-27 22:40:09.858] [jointLog] [info] Finished Bootstrapping
