[2020-11-27 22:10:09.427] [jointLog] [info] setting maxHashResizeThreads to 8
[2020-11-27 22:10:09.427] [jointLog] [info] Fragment incompatibility prior below threshold.  Incompatible fragments will be ignored.
[2020-11-27 22:10:09.427] [jointLog] [info] Usage of --validateMappings implies use of minScoreFraction. Since not explicitly specified, it is being set to 0.65
[2020-11-27 22:10:09.427] [jointLog] [info] Usage of --validateMappings implies a default consensus slack of 0.2. Setting consensusSlack to 0.35.
[2020-11-27 22:10:09.427] [jointLog] [info] parsing read library format
[2020-11-27 22:10:09.427] [jointLog] [info] There is 1 library.
[2020-11-27 22:10:09.508] [jointLog] [info] Loading pufferfish index
[2020-11-27 22:10:09.508] [jointLog] [info] Loading dense pufferfish index.
[2020-11-27 22:10:10.275] [jointLog] [info] done
[2020-11-27 22:10:10.275] [jointLog] [info] Index contained 117,152 targets
[2020-11-27 22:10:10.694] [jointLog] [info] Number of decoys : 0
[2020-11-27 22:10:11.107] [jointLog] [info] Automatically detected most likely library type as ISR
[2020-11-27 22:17:05.571] [jointLog] [info] Thread saw mini-batch with a maximum of 1.26% zero probability fragments
[2020-11-27 22:17:05.577] [jointLog] [info] Thread saw mini-batch with a maximum of 1.30% zero probability fragments
[2020-11-27 22:17:05.632] [jointLog] [info] Thread saw mini-batch with a maximum of 1.36% zero probability fragments
[2020-11-27 22:17:05.634] [jointLog] [info] Thread saw mini-batch with a maximum of 1.28% zero probability fragments
[2020-11-27 22:17:05.716] [jointLog] [info] Thread saw mini-batch with a maximum of 1.32% zero probability fragments
[2020-11-27 22:17:05.741] [jointLog] [info] Thread saw mini-batch with a maximum of 1.28% zero probability fragments
[2020-11-27 22:17:05.778] [jointLog] [info] Thread saw mini-batch with a maximum of 1.24% zero probability fragments
[2020-11-27 22:17:05.803] [jointLog] [info] Thread saw mini-batch with a maximum of 1.26% zero probability fragments
[2020-11-27 22:17:06.462] [jointLog] [info] Computed 573,709 rich equivalence classes for further processing
[2020-11-27 22:17:06.462] [jointLog] [info] Counted 48,506,348 total reads in the equivalence classes 
[2020-11-27 22:17:06.471] [jointLog] [info] Number of mappings discarded because of alignment score : 39,391,669
[2020-11-27 22:17:06.471] [jointLog] [info] Number of fragments entirely discarded because of alignment score : 3,277,527
[2020-11-27 22:17:06.471] [jointLog] [info] Number of fragments discarded because they are best-mapped to decoys : 0
[2020-11-27 22:17:06.471] [jointLog] [info] Number of fragments discarded because they have only dovetail (discordant) mappings to valid targets : 7,413,994
[2020-11-27 22:17:06.471] [jointLog] [info] Mapping rate = 76.3552%

[2020-11-27 22:17:06.471] [jointLog] [info] finished quantifyLibrary()
[2020-11-27 22:17:06.471] [jointLog] [info] Starting optimizer
[2020-11-27 22:17:06.662] [jointLog] [info] Marked 0 weighted equivalence classes as degenerate
[2020-11-27 22:17:06.684] [jointLog] [info] iteration = 0 | max rel diff. = 1233.06
[2020-11-27 22:17:06.462] [fileLog] [info] 
At end of round 0
==================
Observed 63527254 total fragments (63527254 in most recent round)

[2020-11-27 22:17:06.901] [jointLog] [info] iteration 11, adjusting effective lengths to account for biases
[2020-11-27 22:17:08.293] [jointLog] [info] Computed expected counts (for bias correction)
[2020-11-27 22:17:08.293] [jointLog] [info] processed bias for 0.0% of the transcripts
[2020-11-27 22:17:08.890] [jointLog] [info] processed bias for 10.0% of the transcripts
[2020-11-27 22:17:09.538] [jointLog] [info] processed bias for 20.0% of the transcripts
[2020-11-27 22:17:10.205] [jointLog] [info] processed bias for 30.0% of the transcripts
[2020-11-27 22:17:10.851] [jointLog] [info] processed bias for 40.0% of the transcripts
[2020-11-27 22:17:11.514] [jointLog] [info] processed bias for 50.0% of the transcripts
[2020-11-27 22:17:12.154] [jointLog] [info] processed bias for 60.0% of the transcripts
[2020-11-27 22:17:12.761] [jointLog] [info] processed bias for 70.0% of the transcripts
[2020-11-27 22:17:13.044] [jointLog] [info] processed bias for 80.0% of the transcripts
[2020-11-27 22:17:13.429] [jointLog] [info] processed bias for 90.0% of the transcripts
[2020-11-27 22:17:14.070] [jointLog] [info] processed bias for 100.0% of the transcripts
[2020-11-27 22:17:16.097] [jointLog] [info] iteration = 100 | max rel diff. = 6.75266
[2020-11-27 22:17:18.328] [jointLog] [info] iteration = 200 | max rel diff. = 17.9741
[2020-11-27 22:17:20.558] [jointLog] [info] iteration = 300 | max rel diff. = 3.09718
[2020-11-27 22:17:22.788] [jointLog] [info] iteration = 400 | max rel diff. = 8.95958
[2020-11-27 22:17:25.032] [jointLog] [info] iteration = 500 | max rel diff. = 0.113693
[2020-11-27 22:17:27.280] [jointLog] [info] iteration = 600 | max rel diff. = 0.80384
[2020-11-27 22:17:29.568] [jointLog] [info] iteration = 700 | max rel diff. = 0.152804
[2020-11-27 22:17:31.838] [jointLog] [info] iteration = 800 | max rel diff. = 1.14356
[2020-11-27 22:17:34.116] [jointLog] [info] iteration = 900 | max rel diff. = 0.0445529
[2020-11-27 22:17:36.333] [jointLog] [info] iteration = 1,000 | max rel diff. = 0.0743507
[2020-11-27 22:17:38.622] [jointLog] [info] iteration = 1,100 | max rel diff. = 0.0526185
[2020-11-27 22:17:40.920] [jointLog] [info] iteration = 1,200 | max rel diff. = 0.0326172
[2020-11-27 22:17:43.183] [jointLog] [info] iteration = 1,300 | max rel diff. = 0.098489
[2020-11-27 22:17:45.450] [jointLog] [info] iteration = 1,400 | max rel diff. = 0.086551
[2020-11-27 22:17:47.665] [jointLog] [info] iteration = 1,500 | max rel diff. = 0.023414
[2020-11-27 22:17:49.863] [jointLog] [info] iteration = 1,600 | max rel diff. = 0.037552
[2020-11-27 22:17:52.094] [jointLog] [info] iteration = 1,700 | max rel diff. = 0.312689
[2020-11-27 22:17:53.264] [jointLog] [info] iteration = 1,754 | max rel diff. = 0.00754313
[2020-11-27 22:17:53.288] [jointLog] [info] Finished optimizer
[2020-11-27 22:17:53.288] [jointLog] [info] writing output 

[2020-11-27 22:17:53.513] [jointLog] [info] Starting Bootstrapping
[2020-11-27 22:17:53.701] [jointLog] [info] Will draw 30 bootstrap samples
[2020-11-27 22:17:53.701] [jointLog] [info] Optimizing over 573,709 equivalence classes
[2020-11-27 22:17:53.775] [jointLog] [info] Marked 0 weighted equivalence classes as degenerate
[2020-11-27 22:19:28.221] [jointLog] [info] wrote 1 bootstraps
[2020-11-27 22:19:29.075] [jointLog] [info] wrote 2 bootstraps
[2020-11-27 22:19:30.048] [jointLog] [info] wrote 3 bootstraps
[2020-11-27 22:19:30.544] [jointLog] [info] wrote 4 bootstraps
[2020-11-27 22:19:36.447] [jointLog] [info] wrote 5 bootstraps
[2020-11-27 22:19:36.577] [jointLog] [info] wrote 6 bootstraps
[2020-11-27 22:19:43.618] [jointLog] [info] wrote 7 bootstraps
[2020-11-27 22:21:03.123] [jointLog] [info] wrote 8 bootstraps
[2020-11-27 22:21:04.505] [jointLog] [info] wrote 9 bootstraps
[2020-11-27 22:21:05.683] [jointLog] [info] wrote 10 bootstraps
[2020-11-27 22:21:06.121] [jointLog] [info] wrote 11 bootstraps
[2020-11-27 22:21:09.515] [jointLog] [info] wrote 12 bootstraps
[2020-11-27 22:21:09.745] [jointLog] [info] wrote 13 bootstraps
[2020-11-27 22:21:27.312] [jointLog] [info] wrote 14 bootstraps
[2020-11-27 22:22:16.976] [jointLog] [info] wrote 15 bootstraps
[2020-11-27 22:22:34.640] [jointLog] [info] wrote 16 bootstraps
[2020-11-27 22:22:36.186] [jointLog] [info] wrote 17 bootstraps
[2020-11-27 22:22:48.359] [jointLog] [info] wrote 18 bootstraps
[2020-11-27 22:22:52.840] [jointLog] [info] wrote 19 bootstraps
[2020-11-27 22:23:01.020] [jointLog] [info] wrote 20 bootstraps
[2020-11-27 22:23:13.918] [jointLog] [info] wrote 21 bootstraps
[2020-11-27 22:24:06.638] [jointLog] [info] wrote 22 bootstraps
[2020-11-27 22:24:07.966] [jointLog] [info] wrote 23 bootstraps
[2020-11-27 22:24:28.509] [jointLog] [info] wrote 24 bootstraps
[2020-11-27 22:24:36.617] [jointLog] [info] wrote 25 bootstraps
[2020-11-27 22:24:40.049] [jointLog] [info] wrote 26 bootstraps
[2020-11-27 22:24:46.421] [jointLog] [info] wrote 27 bootstraps
[2020-11-27 22:24:55.717] [jointLog] [info] wrote 28 bootstraps
[2020-11-27 22:25:37.027] [jointLog] [info] wrote 29 bootstraps
[2020-11-27 22:25:42.254] [jointLog] [info] wrote 30 bootstraps
[2020-11-27 22:25:42.290] [jointLog] [info] Finished Bootstrapping
