[2020-11-27 21:41:15.701] [jointLog] [info] setting maxHashResizeThreads to 8
[2020-11-27 21:41:15.701] [jointLog] [info] Fragment incompatibility prior below threshold.  Incompatible fragments will be ignored.
[2020-11-27 21:41:15.701] [jointLog] [info] Usage of --validateMappings implies use of minScoreFraction. Since not explicitly specified, it is being set to 0.65
[2020-11-27 21:41:15.701] [jointLog] [info] Usage of --validateMappings implies a default consensus slack of 0.2. Setting consensusSlack to 0.35.
[2020-11-27 21:41:15.701] [jointLog] [info] parsing read library format
[2020-11-27 21:41:15.701] [jointLog] [info] There is 1 library.
[2020-11-27 21:41:15.799] [jointLog] [info] Loading pufferfish index
[2020-11-27 21:41:15.799] [jointLog] [info] Loading dense pufferfish index.
[2020-11-27 21:41:16.567] [jointLog] [info] done
[2020-11-27 21:41:16.567] [jointLog] [info] Index contained 117,152 targets
[2020-11-27 21:41:17.002] [jointLog] [info] Number of decoys : 0
[2020-11-27 21:41:17.427] [jointLog] [info] Automatically detected most likely library type as ISR
[2020-11-27 21:48:17.222] [jointLog] [info] Thread saw mini-batch with a maximum of 1.20% zero probability fragments
[2020-11-27 21:48:17.231] [jointLog] [info] Thread saw mini-batch with a maximum of 1.20% zero probability fragments
[2020-11-27 21:48:17.259] [jointLog] [info] Thread saw mini-batch with a maximum of 1.26% zero probability fragments
[2020-11-27 21:48:17.311] [jointLog] [info] Thread saw mini-batch with a maximum of 1.30% zero probability fragments
[2020-11-27 21:48:17.363] [jointLog] [info] Thread saw mini-batch with a maximum of 1.26% zero probability fragments
[2020-11-27 21:48:17.426] [jointLog] [info] Thread saw mini-batch with a maximum of 1.16% zero probability fragments
[2020-11-27 21:48:17.460] [jointLog] [info] Thread saw mini-batch with a maximum of 1.22% zero probability fragments
[2020-11-27 21:48:17.530] [jointLog] [info] Thread saw mini-batch with a maximum of 1.34% zero probability fragments
[2020-11-27 21:48:18.008] [jointLog] [info] Computed 464,741 rich equivalence classes for further processing
[2020-11-27 21:48:18.008] [jointLog] [info] Counted 49,833,554 total reads in the equivalence classes 
[2020-11-27 21:48:18.018] [jointLog] [info] Number of mappings discarded because of alignment score : 38,290,602
[2020-11-27 21:48:18.018] [jointLog] [info] Number of fragments entirely discarded because of alignment score : 2,930,153
[2020-11-27 21:48:18.018] [jointLog] [info] Number of fragments discarded because they are best-mapped to decoys : 0
[2020-11-27 21:48:18.018] [jointLog] [info] Number of fragments discarded because they have only dovetail (discordant) mappings to valid targets : 6,164,674
[2020-11-27 21:48:18.018] [jointLog] [info] Mapping rate = 77.7251%

[2020-11-27 21:48:18.018] [jointLog] [info] finished quantifyLibrary()
[2020-11-27 21:48:18.018] [jointLog] [info] Starting optimizer
[2020-11-27 21:48:18.186] [jointLog] [info] Marked 0 weighted equivalence classes as degenerate
[2020-11-27 21:48:18.205] [jointLog] [info] iteration = 0 | max rel diff. = 140.593
[2020-11-27 21:48:18.390] [jointLog] [info] iteration 11, adjusting effective lengths to account for biases
[2020-11-27 21:48:18.009] [fileLog] [info] 
At end of round 0
==================
Observed 64115101 total fragments (64115101 in most recent round)

[2020-11-27 21:48:19.705] [jointLog] [info] Computed expected counts (for bias correction)
[2020-11-27 21:48:19.705] [jointLog] [info] processed bias for 0.0% of the transcripts
[2020-11-27 21:48:20.267] [jointLog] [info] processed bias for 10.0% of the transcripts
[2020-11-27 21:48:20.799] [jointLog] [info] processed bias for 20.0% of the transcripts
[2020-11-27 21:48:21.095] [jointLog] [info] processed bias for 30.0% of the transcripts
[2020-11-27 21:48:21.435] [jointLog] [info] processed bias for 40.0% of the transcripts
[2020-11-27 21:48:22.026] [jointLog] [info] processed bias for 50.0% of the transcripts
[2020-11-27 21:48:22.652] [jointLog] [info] processed bias for 60.0% of the transcripts
[2020-11-27 21:48:23.269] [jointLog] [info] processed bias for 70.0% of the transcripts
[2020-11-27 21:48:23.894] [jointLog] [info] processed bias for 80.0% of the transcripts
[2020-11-27 21:48:24.514] [jointLog] [info] processed bias for 90.0% of the transcripts
[2020-11-27 21:48:25.143] [jointLog] [info] processed bias for 100.0% of the transcripts
[2020-11-27 21:48:25.143] [jointLog] [info] processed bias for 100.0% of the transcripts
[2020-11-27 21:48:26.957] [jointLog] [info] iteration = 100 | max rel diff. = 11.4749
[2020-11-27 21:48:28.889] [jointLog] [info] iteration = 200 | max rel diff. = 0.618782
[2020-11-27 21:48:30.835] [jointLog] [info] iteration = 300 | max rel diff. = 7.45018
[2020-11-27 21:48:32.760] [jointLog] [info] iteration = 400 | max rel diff. = 1.93056
[2020-11-27 21:48:34.683] [jointLog] [info] iteration = 500 | max rel diff. = 1.29332
[2020-11-27 21:48:36.652] [jointLog] [info] iteration = 600 | max rel diff. = 0.853136
[2020-11-27 21:48:38.622] [jointLog] [info] iteration = 700 | max rel diff. = 0.224385
[2020-11-27 21:48:40.545] [jointLog] [info] iteration = 800 | max rel diff. = 2.83467
[2020-11-27 21:48:42.495] [jointLog] [info] iteration = 900 | max rel diff. = 0.0213506
[2020-11-27 21:48:44.396] [jointLog] [info] iteration = 1,000 | max rel diff. = 0.022167
[2020-11-27 21:48:46.341] [jointLog] [info] iteration = 1,100 | max rel diff. = 0.0729361
[2020-11-27 21:48:48.220] [jointLog] [info] iteration = 1,200 | max rel diff. = 0.853711
[2020-11-27 21:48:48.257] [jointLog] [info] iteration = 1,203 | max rel diff. = 0.0053951
[2020-11-27 21:48:48.283] [jointLog] [info] Finished optimizer
[2020-11-27 21:48:48.283] [jointLog] [info] writing output 

[2020-11-27 21:48:48.505] [jointLog] [info] Starting Bootstrapping
[2020-11-27 21:48:48.648] [jointLog] [info] Will draw 30 bootstrap samples
[2020-11-27 21:48:48.648] [jointLog] [info] Optimizing over 464,741 equivalence classes
[2020-11-27 21:48:48.704] [jointLog] [info] Marked 0 weighted equivalence classes as degenerate
[2020-11-27 21:49:50.176] [jointLog] [info] wrote 1 bootstraps
[2020-11-27 21:50:14.428] [jointLog] [info] wrote 2 bootstraps
[2020-11-27 21:50:22.515] [jointLog] [info] wrote 3 bootstraps
[2020-11-27 21:50:27.494] [jointLog] [info] wrote 4 bootstraps
[2020-11-27 21:50:28.809] [jointLog] [info] wrote 5 bootstraps
[2020-11-27 21:50:36.469] [jointLog] [info] wrote 6 bootstraps
[2020-11-27 21:50:41.008] [jointLog] [info] wrote 7 bootstraps
[2020-11-27 21:51:14.708] [jointLog] [info] wrote 8 bootstraps
[2020-11-27 21:51:17.024] [jointLog] [info] wrote 9 bootstraps
[2020-11-27 21:51:49.436] [jointLog] [info] wrote 10 bootstraps
[2020-11-27 21:51:54.492] [jointLog] [info] wrote 11 bootstraps
[2020-11-27 21:52:08.297] [jointLog] [info] wrote 12 bootstraps
[2020-11-27 21:52:09.091] [jointLog] [info] wrote 13 bootstraps
[2020-11-27 21:52:12.098] [jointLog] [info] wrote 14 bootstraps
[2020-11-27 21:52:27.376] [jointLog] [info] wrote 15 bootstraps
[2020-11-27 21:52:57.307] [jointLog] [info] wrote 16 bootstraps
[2020-11-27 21:53:27.999] [jointLog] [info] wrote 17 bootstraps
[2020-11-27 21:53:28.437] [jointLog] [info] wrote 18 bootstraps
[2020-11-27 21:53:30.737] [jointLog] [info] wrote 19 bootstraps
[2020-11-27 21:53:47.903] [jointLog] [info] wrote 20 bootstraps
[2020-11-27 21:53:48.996] [jointLog] [info] wrote 21 bootstraps
[2020-11-27 21:54:23.008] [jointLog] [info] wrote 22 bootstraps
[2020-11-27 21:54:23.670] [jointLog] [info] wrote 23 bootstraps
[2020-11-27 21:54:31.895] [jointLog] [info] wrote 24 bootstraps
[2020-11-27 21:54:40.278] [jointLog] [info] wrote 25 bootstraps
[2020-11-27 21:54:52.464] [jointLog] [info] wrote 26 bootstraps
[2020-11-27 21:55:05.521] [jointLog] [info] wrote 27 bootstraps
[2020-11-27 21:55:14.468] [jointLog] [info] wrote 28 bootstraps
[2020-11-27 21:55:50.736] [jointLog] [info] wrote 29 bootstraps
[2020-11-27 21:56:17.157] [jointLog] [info] wrote 30 bootstraps
[2020-11-27 21:56:17.196] [jointLog] [info] Finished Bootstrapping
